<?xml version="1.0" encoding="UTF-8"?>
<coverage generated="1655846274057" clover="3.2.0">
  <project timestamp="1655846274057" name="All files">
    <metrics statements="142" coveredstatements="76" conditionals="30" coveredconditionals="13" methods="68" coveredmethods="32" elements="240" coveredelements="121" complexity="0" loc="142" ncloc="142" packages="23" files="34" classes="34"/>
    <package name="src">
      <metrics statements="6" coveredstatements="0" conditionals="0" coveredconditionals="0" methods="1" coveredmethods="0"/>
      <file name="App.js" path="/Users/yuliyastasheuskaya/Work/UpSkill/cv-app/src/App.js">
        <metrics statements="1" coveredstatements="0" conditionals="0" coveredconditionals="0" methods="1" coveredmethods="0"/>
        <line num="10" count="0" type="stmt"/>
      </file>
      <file name="index.js" path="/Users/yuliyastasheuskaya/Work/UpSkill/cv-app/src/index.js">
        <metrics statements="5" coveredstatements="0" conditionals="0" coveredconditionals="0" methods="0" coveredmethods="0"/>
        <line num="13" count="0" type="stmt"/>
        <line num="15" count="0" type="stmt"/>
        <line num="16" count="0" type="stmt"/>
        <line num="17" count="0" type="stmt"/>
        <line num="19" count="0" type="stmt"/>
      </file>
    </package>
    <package name="src.components.Box">
      <metrics statements="1" coveredstatements="0" conditionals="0" coveredconditionals="0" methods="1" coveredmethods="0"/>
      <file name="box.js" path="/Users/yuliyastasheuskaya/Work/UpSkill/cv-app/src/components/Box/box.js">
        <metrics statements="1" coveredstatements="0" conditionals="0" coveredconditionals="0" methods="1" coveredmethods="0"/>
        <line num="4" count="0" type="stmt"/>
      </file>
    </package>
    <package name="src.components.Button">
      <metrics statements="1" coveredstatements="1" conditionals="0" coveredconditionals="0" methods="1" coveredmethods="1"/>
      <file name="button.js" path="/Users/yuliyastasheuskaya/Work/UpSkill/cv-app/src/components/Button/button.js">
        <metrics statements="1" coveredstatements="1" conditionals="0" coveredconditionals="0" methods="1" coveredmethods="1"/>
        <line num="4" count="6" type="stmt"/>
      </file>
    </package>
    <package name="src.components.Contacts">
      <metrics statements="2" coveredstatements="1" conditionals="0" coveredconditionals="0" methods="2" coveredmethods="1"/>
      <file name="contacts.js" path="/Users/yuliyastasheuskaya/Work/UpSkill/cv-app/src/components/Contacts/contacts.js">
        <metrics statements="2" coveredstatements="1" conditionals="0" coveredconditionals="0" methods="2" coveredmethods="1"/>
        <line num="13" count="1" type="stmt"/>
        <line num="26" count="0" type="stmt"/>
      </file>
    </package>
    <package name="src.components.Expertise">
      <metrics statements="3" coveredstatements="3" conditionals="0" coveredconditionals="0" methods="3" coveredmethods="3"/>
      <file name="expertise.js" path="/Users/yuliyastasheuskaya/Work/UpSkill/cv-app/src/components/Expertise/expertise.js">
        <metrics statements="2" coveredstatements="2" conditionals="0" coveredconditionals="0" methods="2" coveredmethods="2"/>
        <line num="5" count="1" type="stmt"/>
        <line num="8" count="5" type="stmt"/>
      </file>
      <file name="expertise_item.js" path="/Users/yuliyastasheuskaya/Work/UpSkill/cv-app/src/components/Expertise/expertise_item.js">
        <metrics statements="1" coveredstatements="1" conditionals="0" coveredconditionals="0" methods="1" coveredmethods="1"/>
        <line num="2" count="5" type="stmt"/>
      </file>
    </package>
    <package name="src.components.Feedback">
      <metrics statements="3" coveredstatements="3" conditionals="0" coveredconditionals="0" methods="3" coveredmethods="3"/>
      <file name="feedback.js" path="/Users/yuliyastasheuskaya/Work/UpSkill/cv-app/src/components/Feedback/feedback.js">
        <metrics statements="2" coveredstatements="2" conditionals="0" coveredconditionals="0" methods="2" coveredmethods="2"/>
        <line num="5" count="1" type="stmt"/>
        <line num="8" count="2" type="stmt"/>
      </file>
      <file name="feedback_item.js" path="/Users/yuliyastasheuskaya/Work/UpSkill/cv-app/src/components/Feedback/feedback_item.js">
        <metrics statements="1" coveredstatements="1" conditionals="0" coveredconditionals="0" methods="1" coveredmethods="1"/>
        <line num="4" count="2" type="stmt"/>
      </file>
    </package>
    <package name="src.components.Info">
      <metrics statements="1" coveredstatements="1" conditionals="0" coveredconditionals="0" methods="1" coveredmethods="1"/>
      <file name="info.js" path="/Users/yuliyastasheuskaya/Work/UpSkill/cv-app/src/components/Info/info.js">
        <metrics statements="1" coveredstatements="1" conditionals="0" coveredconditionals="0" methods="1" coveredmethods="1"/>
        <line num="2" count="2" type="stmt"/>
      </file>
    </package>
    <package name="src.components.Navigation">
      <metrics statements="1" coveredstatements="0" conditionals="0" coveredconditionals="0" methods="1" coveredmethods="0"/>
      <file name="navigation.js" path="/Users/yuliyastasheuskaya/Work/UpSkill/cv-app/src/components/Navigation/navigation.js">
        <metrics statements="1" coveredstatements="0" conditionals="0" coveredconditionals="0" methods="1" coveredmethods="0"/>
        <line num="22" count="0" type="stmt"/>
      </file>
    </package>
    <package name="src.components.Panel">
      <metrics statements="18" coveredstatements="0" conditionals="12" coveredconditionals="0" methods="6" coveredmethods="0"/>
      <file name="panel.js" path="/Users/yuliyastasheuskaya/Work/UpSkill/cv-app/src/components/Panel/panel.js">
        <metrics statements="18" coveredstatements="0" conditionals="12" coveredconditionals="0" methods="6" coveredmethods="0"/>
        <line num="13" count="0" type="stmt"/>
        <line num="14" count="0" type="stmt"/>
        <line num="15" count="0" type="stmt"/>
        <line num="17" count="0" type="stmt"/>
        <line num="18" count="0" type="stmt"/>
        <line num="19" count="0" type="stmt"/>
        <line num="22" count="0" type="stmt"/>
        <line num="23" count="0" type="stmt"/>
        <line num="24" count="0" type="stmt"/>
        <line num="27" count="0" type="stmt"/>
        <line num="28" count="0" type="stmt"/>
        <line num="31" count="0" type="stmt"/>
        <line num="32" count="0" type="cond" truecount="0" falsecount="2"/>
        <line num="33" count="0" type="stmt"/>
        <line num="34" count="0" type="cond" truecount="0" falsecount="2"/>
        <line num="35" count="0" type="stmt"/>
        <line num="37" count="0" type="stmt"/>
        <line num="41" count="0" type="stmt"/>
      </file>
    </package>
    <package name="src.components.PhotoBox">
      <metrics statements="1" coveredstatements="1" conditionals="0" coveredconditionals="0" methods="1" coveredmethods="1"/>
      <file name="photo_box.js" path="/Users/yuliyastasheuskaya/Work/UpSkill/cv-app/src/components/PhotoBox/photo_box.js">
        <metrics statements="1" coveredstatements="1" conditionals="0" coveredconditionals="0" methods="1" coveredmethods="1"/>
        <line num="3" count="1" type="stmt"/>
      </file>
    </package>
    <package name="src.components.Portfolio">
      <metrics statements="14" coveredstatements="13" conditionals="6" coveredconditionals="5" methods="7" coveredmethods="6"/>
      <file name="portfolio.js" path="/Users/yuliyastasheuskaya/Work/UpSkill/cv-app/src/components/Portfolio/portfolio.js">
        <metrics statements="13" coveredstatements="12" conditionals="4" coveredconditionals="3" methods="6" coveredmethods="5"/>
        <line num="5" count="1" type="stmt"/>
        <line num="6" count="1" type="stmt"/>
        <line num="7" count="1" type="stmt"/>
        <line num="10" count="1" type="stmt"/>
        <line num="11" count="3" type="stmt"/>
        <line num="12" count="0" type="stmt"/>
        <line num="15" count="1" type="stmt"/>
        <line num="16" count="3" type="cond" truecount="2" falsecount="0"/>
        <line num="17" count="1" type="stmt"/>
        <line num="19" count="2" type="stmt"/>
        <line num="23" count="1" type="stmt"/>
        <line num="32" count="4" type="cond" truecount="1" falsecount="1"/>
        <line num="34" count="4" type="stmt"/>
      </file>
      <file name="portfolio_item.js" path="/Users/yuliyastasheuskaya/Work/UpSkill/cv-app/src/components/Portfolio/portfolio_item.js">
        <metrics statements="1" coveredstatements="1" conditionals="2" coveredconditionals="2" methods="1" coveredmethods="1"/>
        <line num="5" count="4" type="stmt"/>
      </file>
    </package>
    <package name="src.components.Skills.AddSkillForm">
      <metrics statements="7" coveredstatements="4" conditionals="4" coveredconditionals="2" methods="3" coveredmethods="2"/>
      <file name="add_skill_form.js" path="/Users/yuliyastasheuskaya/Work/UpSkill/cv-app/src/components/Skills/AddSkillForm/add_skill_form.js">
        <metrics statements="7" coveredstatements="4" conditionals="4" coveredconditionals="2" methods="3" coveredmethods="2"/>
        <line num="7" count="2" type="stmt"/>
        <line num="13" count="1" type="stmt"/>
        <line num="15" count="1" type="stmt"/>
        <line num="28" count="0" type="stmt"/>
        <line num="29" count="0" type="stmt"/>
        <line num="30" count="0" type="stmt"/>
        <line num="34" count="1" type="stmt"/>
      </file>
    </package>
    <package name="src.components.Skills.Skills">
      <metrics statements="7" coveredstatements="4" conditionals="2" coveredconditionals="1" methods="6" coveredmethods="3"/>
      <file name="skill_bar.js" path="/Users/yuliyastasheuskaya/Work/UpSkill/cv-app/src/components/Skills/Skills/skill_bar.js">
        <metrics statements="1" coveredstatements="0" conditionals="0" coveredconditionals="0" methods="1" coveredmethods="0"/>
        <line num="2" count="0" type="stmt"/>
      </file>
      <file name="skills.js" path="/Users/yuliyastasheuskaya/Work/UpSkill/cv-app/src/components/Skills/Skills/skills.js">
        <metrics statements="6" coveredstatements="4" conditionals="2" coveredconditionals="1" methods="5" coveredmethods="3"/>
        <line num="10" count="1" type="stmt"/>
        <line num="11" count="1" type="stmt"/>
        <line num="12" count="1" type="stmt"/>
        <line num="14" count="1" type="stmt"/>
        <line num="20" count="0" type="stmt"/>
        <line num="25" count="0" type="stmt"/>
      </file>
    </package>
    <package name="src.components.TimeLine">
      <metrics statements="11" coveredstatements="8" conditionals="6" coveredconditionals="5" methods="6" coveredmethods="4"/>
      <file name="time_line.js" path="/Users/yuliyastasheuskaya/Work/UpSkill/cv-app/src/components/TimeLine/time_line.js">
        <metrics statements="10" coveredstatements="8" conditionals="6" coveredconditionals="5" methods="5" coveredmethods="4"/>
        <line num="9" count="10" type="stmt"/>
        <line num="10" count="10" type="stmt"/>
        <line num="12" count="6" type="stmt"/>
        <line num="13" count="6" type="cond" truecount="3" falsecount="1"/>
        <line num="15" count="1" type="stmt"/>
        <line num="16" count="2" type="stmt"/>
        <line num="17" count="0" type="stmt"/>
        <line num="23" count="3" type="stmt"/>
        <line num="25" count="0" type="stmt"/>
        <line num="29" count="6" type="stmt"/>
      </file>
      <file name="time_line_item.js" path="/Users/yuliyastasheuskaya/Work/UpSkill/cv-app/src/components/TimeLine/time_line_item.js">
        <metrics statements="1" coveredstatements="0" conditionals="0" coveredconditionals="0" methods="1" coveredmethods="0"/>
        <line num="2" count="0" type="stmt"/>
      </file>
    </package>
    <package name="src.mock_data">
      <metrics statements="5" coveredstatements="5" conditionals="0" coveredconditionals="0" methods="0" coveredmethods="0"/>
      <file name="mock_data.js" path="/Users/yuliyastasheuskaya/Work/UpSkill/cv-app/src/mock_data/mock_data.js">
        <metrics statements="5" coveredstatements="5" conditionals="0" coveredconditionals="0" methods="0" coveredmethods="0"/>
        <line num="1" count="3" type="stmt"/>
        <line num="44" count="3" type="stmt"/>
        <line num="59" count="3" type="stmt"/>
        <line num="82" count="3" type="stmt"/>
        <line num="105" count="3" type="stmt"/>
      </file>
    </package>
    <package name="src.pages.Home">
      <metrics statements="4" coveredstatements="3" conditionals="0" coveredconditionals="0" methods="3" coveredmethods="2"/>
      <file name="home.js" path="/Users/yuliyastasheuskaya/Work/UpSkill/cv-app/src/pages/Home/home.js">
        <metrics statements="4" coveredstatements="3" conditionals="0" coveredconditionals="0" methods="3" coveredmethods="2"/>
        <line num="8" count="1" type="stmt"/>
        <line num="9" count="1" type="stmt"/>
        <line num="10" count="0" type="stmt"/>
        <line num="13" count="1" type="stmt"/>
      </file>
    </package>
    <package name="src.pages.Inner">
      <metrics statements="2" coveredstatements="0" conditionals="0" coveredconditionals="0" methods="2" coveredmethods="0"/>
      <file name="inner.js" path="/Users/yuliyastasheuskaya/Work/UpSkill/cv-app/src/pages/Inner/inner.js">
        <metrics statements="2" coveredstatements="0" conditionals="0" coveredconditionals="0" methods="2" coveredmethods="0"/>
        <line num="16" count="0" type="stmt"/>
        <line num="58" count="0" type="stmt"/>
      </file>
    </package>
    <package name="src.services">
      <metrics statements="9" coveredstatements="1" conditionals="0" coveredconditionals="0" methods="6" coveredmethods="0"/>
      <file name="api_client.js" path="/Users/yuliyastasheuskaya/Work/UpSkill/cv-app/src/services/api_client.js">
        <metrics statements="2" coveredstatements="1" conditionals="0" coveredconditionals="0" methods="1" coveredmethods="0"/>
        <line num="1" count="2" type="stmt"/>
        <line num="4" count="0" type="stmt"/>
      </file>
      <file name="server.js" path="/Users/yuliyastasheuskaya/Work/UpSkill/cv-app/src/services/server.js">
        <metrics statements="7" coveredstatements="0" conditionals="0" coveredconditionals="0" methods="5" coveredmethods="0"/>
        <line num="5" count="0" type="stmt"/>
        <line num="7" count="0" type="stmt"/>
        <line num="8" count="0" type="stmt"/>
        <line num="9" count="0" type="stmt"/>
        <line num="10" count="0" type="stmt"/>
        <line num="11" count="0" type="stmt"/>
        <line num="12" count="0" type="stmt"/>
      </file>
    </package>
    <package name="src.store">
      <metrics statements="1" coveredstatements="1" conditionals="0" coveredconditionals="0" methods="0" coveredmethods="0"/>
      <file name="store.js" path="/Users/yuliyastasheuskaya/Work/UpSkill/cv-app/src/store/store.js">
        <metrics statements="1" coveredstatements="1" conditionals="0" coveredconditionals="0" methods="0" coveredmethods="0"/>
        <line num="4" count="8" type="stmt"/>
      </file>
    </package>
    <package name="src.store.actions">
      <metrics statements="7" coveredstatements="7" conditionals="0" coveredconditionals="0" methods="0" coveredmethods="0"/>
      <file name="educations_actions.js" path="/Users/yuliyastasheuskaya/Work/UpSkill/cv-app/src/store/actions/educations_actions.js">
        <metrics statements="4" coveredstatements="4" conditionals="0" coveredconditionals="0" methods="0" coveredmethods="0"/>
        <line num="4" count="3" type="stmt"/>
        <line num="5" count="3" type="stmt"/>
        <line num="6" count="3" type="stmt"/>
        <line num="7" count="3" type="stmt"/>
      </file>
      <file name="skills_actions.js" path="/Users/yuliyastasheuskaya/Work/UpSkill/cv-app/src/store/actions/skills_actions.js">
        <metrics statements="3" coveredstatements="3" conditionals="0" coveredconditionals="0" methods="0" coveredmethods="0"/>
        <line num="4" count="2" type="stmt"/>
        <line num="5" count="2" type="stmt"/>
        <line num="6" count="2" type="stmt"/>
      </file>
    </package>
    <package name="src.store.constants">
      <metrics statements="7" coveredstatements="7" conditionals="0" coveredconditionals="0" methods="0" coveredmethods="0"/>
      <file name="educations_constants.js" path="/Users/yuliyastasheuskaya/Work/UpSkill/cv-app/src/store/constants/educations_constants.js">
        <metrics statements="4" coveredstatements="4" conditionals="0" coveredconditionals="0" methods="0" coveredmethods="0"/>
        <line num="1" count="8" type="stmt"/>
        <line num="2" count="8" type="stmt"/>
        <line num="3" count="8" type="stmt"/>
        <line num="4" count="8" type="stmt"/>
      </file>
      <file name="skills_constants.js" path="/Users/yuliyastasheuskaya/Work/UpSkill/cv-app/src/store/constants/skills_constants.js">
        <metrics statements="3" coveredstatements="3" conditionals="0" coveredconditionals="0" methods="0" coveredmethods="0"/>
        <line num="1" count="8" type="stmt"/>
        <line num="2" count="8" type="stmt"/>
        <line num="3" count="8" type="stmt"/>
      </file>
    </package>
    <package name="src.store.reducers">
      <metrics statements="14" coveredstatements="10" conditionals="0" coveredconditionals="0" methods="9" coveredmethods="5"/>
      <file name="educations_reducer.js" path="/Users/yuliyastasheuskaya/Work/UpSkill/cv-app/src/store/reducers/educations_reducer.js">
        <metrics statements="7" coveredstatements="6" conditionals="0" coveredconditionals="0" methods="5" coveredmethods="4"/>
        <line num="4" count="8" type="stmt"/>
        <line num="9" count="8" type="stmt"/>
        <line num="10" count="8" type="stmt"/>
        <line num="12" count="0" type="stmt"/>
        <line num="15" count="1" type="stmt"/>
        <line num="18" count="1" type="stmt"/>
        <line num="21" count="1" type="stmt"/>
      </file>
      <file name="index.js" path="/Users/yuliyastasheuskaya/Work/UpSkill/cv-app/src/store/reducers/index.js">
        <metrics statements="1" coveredstatements="1" conditionals="0" coveredconditionals="0" methods="0" coveredmethods="0"/>
        <line num="5" count="8" type="stmt"/>
      </file>
      <file name="skills_reducer.js" path="/Users/yuliyastasheuskaya/Work/UpSkill/cv-app/src/store/reducers/skills_reducer.js">
        <metrics statements="6" coveredstatements="3" conditionals="0" coveredconditionals="0" methods="4" coveredmethods="1"/>
        <line num="4" count="8" type="stmt"/>
        <line num="9" count="8" type="stmt"/>
        <line num="10" count="8" type="stmt"/>
        <line num="12" count="0" type="stmt"/>
        <line num="15" count="0" type="stmt"/>
        <line num="18" count="0" type="stmt"/>
      </file>
    </package>
    <package name="src.store.thunks">
      <metrics statements="17" coveredstatements="3" conditionals="0" coveredconditionals="0" methods="6" coveredmethods="0"/>
      <file name="thunks.js" path="/Users/yuliyastasheuskaya/Work/UpSkill/cv-app/src/store/thunks/thunks.js">
        <metrics statements="17" coveredstatements="3" conditionals="0" coveredconditionals="0" methods="6" coveredmethods="0"/>
        <line num="5" count="2" type="stmt"/>
        <line num="6" count="0" type="stmt"/>
        <line num="7" count="0" type="stmt"/>
        <line num="8" count="0" type="stmt"/>
        <line num="9" count="0" type="stmt"/>
        <line num="10" count="0" type="stmt"/>
        <line num="11" count="0" type="stmt"/>
        <line num="13" count="0" type="stmt"/>
        <line num="17" count="2" type="stmt"/>
        <line num="18" count="0" type="stmt"/>
        <line num="19" count="0" type="stmt"/>
        <line num="20" count="0" type="stmt"/>
        <line num="22" count="0" type="stmt"/>
        <line num="26" count="2" type="stmt"/>
        <line num="27" count="0" type="stmt"/>
        <line num="28" count="0" type="stmt"/>
        <line num="29" count="0" type="stmt"/>
      </file>
    </package>
  </project>
</coverage>
