{"/Users/yuliyastasheuskaya/Work/UpSkill/cv-app/src/App.js": {"path":"/Users/yuliyastasheuskaya/Work/UpSkill/cv-app/src/App.js","statementMap":{"0":{"start":{"line":10,"column":2},"end":{"line":20,"column":4}}},"fnMap":{"0":{"name":"App","decl":{"start":{"line":9,"column":24},"end":{"line":9,"column":27}},"loc":{"start":{"line":9,"column":31},"end":{"line":21,"column":1}},"line":9}},"branchMap":{},"s":{"0":0},"f":{"0":0},"b":{}}
,"/Users/yuliyastasheuskaya/Work/UpSkill/cv-app/src/index.js": {"path":"/Users/yuliyastasheuskaya/Work/UpSkill/cv-app/src/index.js","statementMap":{"0":{"start":{"line":13,"column":13},"end":{"line":13,"column":65}},"1":{"start":{"line":15,"column":0},"end":{"line":15,"column":9}},"2":{"start":{"line":16,"column":0},"end":{"line":16,"column":32}},"3":{"start":{"line":17,"column":0},"end":{"line":17,"column":28}},"4":{"start":{"line":19,"column":0},"end":{"line":25,"column":2}}},"fnMap":{},"branchMap":{},"s":{"0":0,"1":0,"2":0,"3":0,"4":0},"f":{},"b":{}}
,"/Users/yuliyastasheuskaya/Work/UpSkill/cv-app/src/components/Box/box.js": {"path":"/Users/yuliyastasheuskaya/Work/UpSkill/cv-app/src/components/Box/box.js","statementMap":{"0":{"start":{"line":4,"column":4},"end":{"line":17,"column":5}}},"fnMap":{"0":{"name":"Box","decl":{"start":{"line":3,"column":24},"end":{"line":3,"column":27}},"loc":{"start":{"line":3,"column":35},"end":{"line":18,"column":1}},"line":3}},"branchMap":{},"s":{"0":0},"f":{"0":0},"b":{}}
,"/Users/yuliyastasheuskaya/Work/UpSkill/cv-app/src/components/Button/button.js": {"path":"/Users/yuliyastasheuskaya/Work/UpSkill/cv-app/src/components/Button/button.js","statementMap":{"0":{"start":{"line":4,"column":4},"end":{"line":15,"column":5}}},"fnMap":{"0":{"name":"Button","decl":{"start":{"line":3,"column":24},"end":{"line":3,"column":30}},"loc":{"start":{"line":3,"column":38},"end":{"line":16,"column":1}},"line":3}},"branchMap":{},"s":{"0":6},"f":{"0":6},"b":{},"_coverageSchema":"1a1c01bbd47fc00a2c39e90264f33305004495a9","hash":"22748c9819dead39f2effc01ec30dbc06ba46cd2"}
,"/Users/yuliyastasheuskaya/Work/UpSkill/cv-app/src/components/Contacts/contacts.js": {"path":"/Users/yuliyastasheuskaya/Work/UpSkill/cv-app/src/components/Contacts/contacts.js","statementMap":{"0":{"start":{"line":13,"column":4},"end":{"line":66,"column":5}},"1":{"start":{"line":26,"column":88},"end":{"line":26,"column":133}}},"fnMap":{"0":{"name":"Contacts","decl":{"start":{"line":12,"column":24},"end":{"line":12,"column":32}},"loc":{"start":{"line":12,"column":41},"end":{"line":67,"column":1}},"line":12},"1":{"name":"(anonymous_1)","decl":{"start":{"line":26,"column":82},"end":{"line":26,"column":83}},"loc":{"start":{"line":26,"column":88},"end":{"line":26,"column":133}},"line":26}},"branchMap":{},"s":{"0":1,"1":0},"f":{"0":1,"1":0},"b":{},"_coverageSchema":"1a1c01bbd47fc00a2c39e90264f33305004495a9","hash":"f0b0dab82df7d5effc6cae13f255e7ec4f146767"}
,"/Users/yuliyastasheuskaya/Work/UpSkill/cv-app/src/components/Expertise/expertise.js": {"path":"/Users/yuliyastasheuskaya/Work/UpSkill/cv-app/src/components/Expertise/expertise.js","statementMap":{"0":{"start":{"line":5,"column":4},"end":{"line":16,"column":5}},"1":{"start":{"line":8,"column":8},"end":{"line":14,"column":12}}},"fnMap":{"0":{"name":"Expertise","decl":{"start":{"line":4,"column":24},"end":{"line":4,"column":33}},"loc":{"start":{"line":4,"column":41},"end":{"line":17,"column":1}},"line":4},"1":{"name":"(anonymous_1)","decl":{"start":{"line":7,"column":24},"end":{"line":7,"column":25}},"loc":{"start":{"line":8,"column":8},"end":{"line":14,"column":12}},"line":8}},"branchMap":{},"s":{"0":1,"1":5},"f":{"0":1,"1":5},"b":{},"_coverageSchema":"1a1c01bbd47fc00a2c39e90264f33305004495a9","hash":"69f940f1fa8a868e75f7e31a7fae39fccb2a9b00"}
,"/Users/yuliyastasheuskaya/Work/UpSkill/cv-app/src/components/Expertise/expertise_item.js": {"path":"/Users/yuliyastasheuskaya/Work/UpSkill/cv-app/src/components/Expertise/expertise_item.js","statementMap":{"0":{"start":{"line":2,"column":4},"end":{"line":21,"column":5}}},"fnMap":{"0":{"name":"ExpertiseItem","decl":{"start":{"line":1,"column":24},"end":{"line":1,"column":37}},"loc":{"start":{"line":1,"column":46},"end":{"line":22,"column":3}},"line":1}},"branchMap":{},"s":{"0":5},"f":{"0":5},"b":{},"_coverageSchema":"1a1c01bbd47fc00a2c39e90264f33305004495a9","hash":"9f5612562168df7fce8651032714b9d1527d7529"}
,"/Users/yuliyastasheuskaya/Work/UpSkill/cv-app/src/components/Feedback/feedback.js": {"path":"/Users/yuliyastasheuskaya/Work/UpSkill/cv-app/src/components/Feedback/feedback.js","statementMap":{"0":{"start":{"line":5,"column":4},"end":{"line":16,"column":5}},"1":{"start":{"line":8,"column":10},"end":{"line":14,"column":12}}},"fnMap":{"0":{"name":"Feedback","decl":{"start":{"line":4,"column":24},"end":{"line":4,"column":32}},"loc":{"start":{"line":4,"column":40},"end":{"line":17,"column":1}},"line":4},"1":{"name":"(anonymous_1)","decl":{"start":{"line":7,"column":24},"end":{"line":7,"column":25}},"loc":{"start":{"line":8,"column":10},"end":{"line":14,"column":12}},"line":8}},"branchMap":{},"s":{"0":1,"1":2},"f":{"0":1,"1":2},"b":{},"_coverageSchema":"1a1c01bbd47fc00a2c39e90264f33305004495a9","hash":"fde43d40f354a53638eb6a737a336e79b1496564"}
,"/Users/yuliyastasheuskaya/Work/UpSkill/cv-app/src/components/Feedback/feedback_item.js": {"path":"/Users/yuliyastasheuskaya/Work/UpSkill/cv-app/src/components/Feedback/feedback_item.js","statementMap":{"0":{"start":{"line":4,"column":4},"end":{"line":16,"column":5}}},"fnMap":{"0":{"name":"FeedbackItem","decl":{"start":{"line":3,"column":24},"end":{"line":3,"column":36}},"loc":{"start":{"line":3,"column":45},"end":{"line":17,"column":1}},"line":3}},"branchMap":{},"s":{"0":2},"f":{"0":2},"b":{},"_coverageSchema":"1a1c01bbd47fc00a2c39e90264f33305004495a9","hash":"94b33583d062cb60c2adeb0874444ae87d9a36ef"}
,"/Users/yuliyastasheuskaya/Work/UpSkill/cv-app/src/components/Info/info.js": {"path":"/Users/yuliyastasheuskaya/Work/UpSkill/cv-app/src/components/Info/info.js","statementMap":{"0":{"start":{"line":2,"column":4},"end":{"line":6,"column":5}}},"fnMap":{"0":{"name":"Info","decl":{"start":{"line":1,"column":24},"end":{"line":1,"column":28}},"loc":{"start":{"line":1,"column":37},"end":{"line":7,"column":1}},"line":1}},"branchMap":{},"s":{"0":2},"f":{"0":2},"b":{},"_coverageSchema":"1a1c01bbd47fc00a2c39e90264f33305004495a9","hash":"1134a9030e66834ff0aa3160d5a0904ccdd56f30"}
,"/Users/yuliyastasheuskaya/Work/UpSkill/cv-app/src/components/Navigation/navigation.js": {"path":"/Users/yuliyastasheuskaya/Work/UpSkill/cv-app/src/components/Navigation/navigation.js","statementMap":{"0":{"start":{"line":22,"column":4},"end":{"line":140,"column":5}}},"fnMap":{"0":{"name":"Navigation","decl":{"start":{"line":16,"column":24},"end":{"line":16,"column":34}},"loc":{"start":{"line":16,"column":42},"end":{"line":141,"column":1}},"line":16}},"branchMap":{},"s":{"0":0},"f":{"0":0},"b":{}}
,"/Users/yuliyastasheuskaya/Work/UpSkill/cv-app/src/components/Panel/panel.js": {"path":"/Users/yuliyastasheuskaya/Work/UpSkill/cv-app/src/components/Panel/panel.js","statementMap":{"0":{"start":{"line":13,"column":18},"end":{"line":13,"column":38}},"1":{"start":{"line":14,"column":23},"end":{"line":14,"column":47}},"2":{"start":{"line":15,"column":38},"end":{"line":15,"column":66}},"3":{"start":{"line":17,"column":36},"end":{"line":17,"column":51}},"4":{"start":{"line":18,"column":26},"end":{"line":20,"column":5}},"5":{"start":{"line":19,"column":8},"end":{"line":19,"column":31}},"6":{"start":{"line":22,"column":21},"end":{"line":22,"column":34}},"7":{"start":{"line":23,"column":24},"end":{"line":25,"column":5}},"8":{"start":{"line":23,"column":34},"end":{"line":25,"column":5}},"9":{"start":{"line":24,"column":8},"end":{"line":24,"column":23}},"10":{"start":{"line":27,"column":4},"end":{"line":29,"column":7}},"11":{"start":{"line":28,"column":8},"end":{"line":28,"column":40}},"12":{"start":{"line":31,"column":23},"end":{"line":39,"column":5}},"13":{"start":{"line":32,"column":8},"end":{"line":38,"column":9}},"14":{"start":{"line":33,"column":12},"end":{"line":33,"column":28}},"15":{"start":{"line":34,"column":15},"end":{"line":38,"column":9}},"16":{"start":{"line":35,"column":12},"end":{"line":35,"column":29}},"17":{"start":{"line":37,"column":12},"end":{"line":37,"column":21}},"18":{"start":{"line":41,"column":4},"end":{"line":65,"column":5}}},"fnMap":{"0":{"name":"Panel","decl":{"start":{"line":12,"column":24},"end":{"line":12,"column":29}},"loc":{"start":{"line":12,"column":32},"end":{"line":66,"column":1}},"line":12},"1":{"name":"(anonymous_1)","decl":{"start":{"line":18,"column":26},"end":{"line":18,"column":27}},"loc":{"start":{"line":18,"column":32},"end":{"line":20,"column":5}},"line":18},"2":{"name":"(anonymous_2)","decl":{"start":{"line":23,"column":24},"end":{"line":23,"column":25}},"loc":{"start":{"line":23,"column":34},"end":{"line":25,"column":5}},"line":23},"3":{"name":"(anonymous_3)","decl":{"start":{"line":23,"column":34},"end":{"line":23,"column":35}},"loc":{"start":{"line":23,"column":40},"end":{"line":25,"column":5}},"line":23},"4":{"name":"(anonymous_4)","decl":{"start":{"line":27,"column":42},"end":{"line":27,"column":43}},"loc":{"start":{"line":27,"column":48},"end":{"line":29,"column":5}},"line":27},"5":{"name":"(anonymous_5)","decl":{"start":{"line":31,"column":23},"end":{"line":31,"column":24}},"loc":{"start":{"line":31,"column":48},"end":{"line":39,"column":5}},"line":31}},"branchMap":{"0":{"loc":{"start":{"line":32,"column":8},"end":{"line":38,"column":9}},"type":"if","locations":[{"start":{"line":32,"column":8},"end":{"line":38,"column":9}},{"start":{"line":34,"column":15},"end":{"line":38,"column":9}}],"line":32},"1":{"loc":{"start":{"line":34,"column":15},"end":{"line":38,"column":9}},"type":"if","locations":[{"start":{"line":34,"column":15},"end":{"line":38,"column":9}},{"start":{"line":36,"column":15},"end":{"line":38,"column":9}}],"line":34},"2":{"loc":{"start":{"line":51,"column":58},"end":{"line":51,"column":85}},"type":"cond-expr","locations":[{"start":{"line":51,"column":70},"end":{"line":51,"column":80}},{"start":{"line":51,"column":83},"end":{"line":51,"column":85}}],"line":51},"3":{"loc":{"start":{"line":53,"column":30},"end":{"line":53,"column":68}},"type":"cond-expr","locations":[{"start":{"line":53,"column":42},"end":{"line":53,"column":44}},{"start":{"line":53,"column":47},"end":{"line":53,"column":68}}],"line":53},"4":{"loc":{"start":{"line":59,"column":30},"end":{"line":59,"column":56}},"type":"cond-expr","locations":[{"start":{"line":59,"column":42},"end":{"line":59,"column":44}},{"start":{"line":59,"column":47},"end":{"line":59,"column":56}}],"line":59},"5":{"loc":{"start":{"line":60,"column":47},"end":{"line":60,"column":74}},"type":"cond-expr","locations":[{"start":{"line":60,"column":59},"end":{"line":60,"column":69}},{"start":{"line":60,"column":72},"end":{"line":60,"column":74}}],"line":60}},"s":{"0":0,"1":0,"2":0,"3":0,"4":0,"5":0,"6":0,"7":0,"8":0,"9":0,"10":0,"11":0,"12":0,"13":0,"14":0,"15":0,"16":0,"17":0,"18":0},"f":{"0":0,"1":0,"2":0,"3":0,"4":0,"5":0},"b":{"0":[0,0],"1":[0,0],"2":[0,0],"3":[0,0],"4":[0,0],"5":[0,0]}}
,"/Users/yuliyastasheuskaya/Work/UpSkill/cv-app/src/components/PhotoBox/photo_box.js": {"path":"/Users/yuliyastasheuskaya/Work/UpSkill/cv-app/src/components/PhotoBox/photo_box.js","statementMap":{"0":{"start":{"line":3,"column":4},"end":{"line":22,"column":5}}},"fnMap":{"0":{"name":"PhotoBox","decl":{"start":{"line":2,"column":24},"end":{"line":2,"column":32}},"loc":{"start":{"line":2,"column":40},"end":{"line":23,"column":1}},"line":2}},"branchMap":{},"s":{"0":1},"f":{"0":1},"b":{},"_coverageSchema":"1a1c01bbd47fc00a2c39e90264f33305004495a9","hash":"597fc471de7a43561681f03c4d9dd5f24c18f14a"}
,"/Users/yuliyastasheuskaya/Work/UpSkill/cv-app/src/components/Portfolio/portfolio.js": {"path":"/Users/yuliyastasheuskaya/Work/UpSkill/cv-app/src/components/Portfolio/portfolio.js","statementMap":{"0":{"start":{"line":5,"column":12},"end":{"line":5,"column":17}},"1":{"start":{"line":6,"column":11},"end":{"line":6,"column":15}},"2":{"start":{"line":7,"column":13},"end":{"line":7,"column":19}},"3":{"start":{"line":10,"column":32},"end":{"line":10,"column":45}},"4":{"start":{"line":11,"column":26},"end":{"line":13,"column":5}},"5":{"start":{"line":11,"column":37},"end":{"line":13,"column":5}},"6":{"start":{"line":12,"column":8},"end":{"line":12,"column":25}},"7":{"start":{"line":15,"column":22},"end":{"line":21,"column":5}},"8":{"start":{"line":16,"column":8},"end":{"line":20,"column":9}},"9":{"start":{"line":17,"column":12},"end":{"line":17,"column":31}},"10":{"start":{"line":19,"column":12},"end":{"line":19,"column":21}},"11":{"start":{"line":23,"column":4},"end":{"line":42,"column":5}},"12":{"start":{"line":32,"column":32},"end":{"line":32,"column":70}},"13":{"start":{"line":34,"column":20},"end":{"line":39,"column":36}}},"fnMap":{"0":{"name":"Portfolio","decl":{"start":{"line":9,"column":24},"end":{"line":9,"column":33}},"loc":{"start":{"line":9,"column":41},"end":{"line":43,"column":1}},"line":9},"1":{"name":"(anonymous_1)","decl":{"start":{"line":11,"column":26},"end":{"line":11,"column":27}},"loc":{"start":{"line":11,"column":37},"end":{"line":13,"column":5}},"line":11},"2":{"name":"(anonymous_2)","decl":{"start":{"line":11,"column":37},"end":{"line":11,"column":38}},"loc":{"start":{"line":11,"column":43},"end":{"line":13,"column":5}},"line":11},"3":{"name":"(anonymous_3)","decl":{"start":{"line":15,"column":22},"end":{"line":15,"column":23}},"loc":{"start":{"line":15,"column":32},"end":{"line":21,"column":5}},"line":15},"4":{"name":"(anonymous_4)","decl":{"start":{"line":32,"column":24},"end":{"line":32,"column":25}},"loc":{"start":{"line":32,"column":32},"end":{"line":32,"column":70}},"line":32},"5":{"name":"(anonymous_5)","decl":{"start":{"line":33,"column":21},"end":{"line":33,"column":22}},"loc":{"start":{"line":34,"column":20},"end":{"line":39,"column":36}},"line":34}},"branchMap":{"0":{"loc":{"start":{"line":16,"column":8},"end":{"line":20,"column":9}},"type":"if","locations":[{"start":{"line":16,"column":8},"end":{"line":20,"column":9}},{"start":{"line":18,"column":15},"end":{"line":20,"column":9}}],"line":16},"1":{"loc":{"start":{"line":32,"column":32},"end":{"line":32,"column":70}},"type":"binary-expr","locations":[{"start":{"line":32,"column":32},"end":{"line":32,"column":46}},{"start":{"line":32,"column":50},"end":{"line":32,"column":70}}],"line":32}},"s":{"0":1,"1":1,"2":1,"3":1,"4":1,"5":3,"6":0,"7":1,"8":3,"9":1,"10":2,"11":1,"12":4,"13":4},"f":{"0":1,"1":3,"2":0,"3":3,"4":4,"5":4},"b":{"0":[1,2],"1":[4,0]},"_coverageSchema":"1a1c01bbd47fc00a2c39e90264f33305004495a9","hash":"34b5865dfdd370118304df72c08ba83c9fb50a84"}
,"/Users/yuliyastasheuskaya/Work/UpSkill/cv-app/src/components/Portfolio/portfolio_item.js": {"path":"/Users/yuliyastasheuskaya/Work/UpSkill/cv-app/src/components/Portfolio/portfolio_item.js","statementMap":{"0":{"start":{"line":5,"column":4},"end":{"line":19,"column":5}}},"fnMap":{"0":{"name":"PortfolioItem","decl":{"start":{"line":4,"column":24},"end":{"line":4,"column":37}},"loc":{"start":{"line":4,"column":46},"end":{"line":20,"column":1}},"line":4}},"branchMap":{"0":{"loc":{"start":{"line":8,"column":21},"end":{"line":8,"column":58}},"type":"cond-expr","locations":[{"start":{"line":8,"column":43},"end":{"line":8,"column":49}},{"start":{"line":8,"column":52},"end":{"line":8,"column":58}}],"line":8}},"s":{"0":4},"f":{"0":4},"b":{"0":[2,2]},"_coverageSchema":"1a1c01bbd47fc00a2c39e90264f33305004495a9","hash":"8e0430a3ea07924bea5a5047cd90916d3b8e2842"}
,"/Users/yuliyastasheuskaya/Work/UpSkill/cv-app/src/components/Skills/AddSkillForm/add_skill_form.js": {"path":"/Users/yuliyastasheuskaya/Work/UpSkill/cv-app/src/components/Skills/AddSkillForm/add_skill_form.js","statementMap":{"0":{"start":{"line":7,"column":22},"end":{"line":10,"column":1}},"1":{"start":{"line":13,"column":19},"end":{"line":13,"column":32}},"2":{"start":{"line":15,"column":4},"end":{"line":52,"column":5}},"3":{"start":{"line":28,"column":28},"end":{"line":28,"column":78}},"4":{"start":{"line":29,"column":14},"end":{"line":29,"column":41}},"5":{"start":{"line":30,"column":14},"end":{"line":30,"column":26}},"6":{"start":{"line":34,"column":14},"end":{"line":48,"column":21}}},"fnMap":{"0":{"name":"AddSkillForm","decl":{"start":{"line":12,"column":24},"end":{"line":12,"column":36}},"loc":{"start":{"line":12,"column":39},"end":{"line":53,"column":1}},"line":12},"1":{"name":"(anonymous_1)","decl":{"start":{"line":27,"column":24},"end":{"line":27,"column":25}},"loc":{"start":{"line":27,"column":51},"end":{"line":31,"column":13}},"line":27},"2":{"name":"(anonymous_2)","decl":{"start":{"line":33,"column":13},"end":{"line":33,"column":14}},"loc":{"start":{"line":34,"column":14},"end":{"line":48,"column":21}},"line":34}},"branchMap":{"0":{"loc":{"start":{"line":37,"column":39},"end":{"line":37,"column":74}},"type":"cond-expr","locations":[{"start":{"line":37,"column":58},"end":{"line":37,"column":69}},{"start":{"line":37,"column":72},"end":{"line":37,"column":74}}],"line":37},"1":{"loc":{"start":{"line":42,"column":39},"end":{"line":42,"column":75}},"type":"cond-expr","locations":[{"start":{"line":42,"column":59},"end":{"line":42,"column":70}},{"start":{"line":42,"column":73},"end":{"line":42,"column":75}}],"line":42}},"s":{"0":2,"1":1,"2":1,"3":0,"4":0,"5":0,"6":1},"f":{"0":1,"1":0,"2":1},"b":{"0":[0,1],"1":[0,1]},"_coverageSchema":"1a1c01bbd47fc00a2c39e90264f33305004495a9","hash":"56a72f99fadda48e5b07d827d29637b2e5bfa911"}
,"/Users/yuliyastasheuskaya/Work/UpSkill/cv-app/src/components/Skills/Skills/skill_bar.js": {"path":"/Users/yuliyastasheuskaya/Work/UpSkill/cv-app/src/components/Skills/Skills/skill_bar.js","statementMap":{"0":{"start":{"line":2,"column":4},"end":{"line":6,"column":5}}},"fnMap":{"0":{"name":"SkillBar","decl":{"start":{"line":1,"column":24},"end":{"line":1,"column":32}},"loc":{"start":{"line":1,"column":40},"end":{"line":7,"column":1}},"line":1}},"branchMap":{},"s":{"0":0},"f":{"0":0},"b":{},"_coverageSchema":"1a1c01bbd47fc00a2c39e90264f33305004495a9","hash":"0f0aff06a764f2cff633798f135fc4d43d47c225"}
,"/Users/yuliyastasheuskaya/Work/UpSkill/cv-app/src/components/Skills/Skills/skills.js": {"path":"/Users/yuliyastasheuskaya/Work/UpSkill/cv-app/src/components/Skills/Skills/skills.js","statementMap":{"0":{"start":{"line":10,"column":26},"end":{"line":10,"column":67}},"1":{"start":{"line":10,"column":47},"end":{"line":10,"column":66}},"2":{"start":{"line":11,"column":19},"end":{"line":11,"column":59}},"3":{"start":{"line":11,"column":40},"end":{"line":11,"column":58}},"4":{"start":{"line":12,"column":21},"end":{"line":12,"column":34}},"5":{"start":{"line":14,"column":4},"end":{"line":55,"column":5}},"6":{"start":{"line":20,"column":31},"end":{"line":20,"column":53}},"7":{"start":{"line":25,"column":16},"end":{"line":28,"column":14}}},"fnMap":{"0":{"name":"Skills","decl":{"start":{"line":9,"column":24},"end":{"line":9,"column":30}},"loc":{"start":{"line":9,"column":34},"end":{"line":56,"column":1}},"line":9},"1":{"name":"(anonymous_1)","decl":{"start":{"line":10,"column":38},"end":{"line":10,"column":39}},"loc":{"start":{"line":10,"column":47},"end":{"line":10,"column":66}},"line":10},"2":{"name":"(anonymous_2)","decl":{"start":{"line":11,"column":31},"end":{"line":11,"column":32}},"loc":{"start":{"line":11,"column":40},"end":{"line":11,"column":58}},"line":11},"3":{"name":"(anonymous_3)","decl":{"start":{"line":20,"column":25},"end":{"line":20,"column":26}},"loc":{"start":{"line":20,"column":31},"end":{"line":20,"column":53}},"line":20},"4":{"name":"(anonymous_4)","decl":{"start":{"line":24,"column":24},"end":{"line":24,"column":25}},"loc":{"start":{"line":25,"column":16},"end":{"line":28,"column":14}},"line":25}},"branchMap":{"0":{"loc":{"start":{"line":23,"column":13},"end":{"line":23,"column":48}},"type":"binary-expr","locations":[{"start":{"line":23,"column":13},"end":{"line":23,"column":26}},{"start":{"line":23,"column":31},"end":{"line":23,"column":47}}],"line":23}},"s":{"0":1,"1":1,"2":1,"3":1,"4":1,"5":1,"6":0,"7":0},"f":{"0":1,"1":1,"2":1,"3":0,"4":0},"b":{"0":[1,0]},"_coverageSchema":"1a1c01bbd47fc00a2c39e90264f33305004495a9","hash":"f07f60c18824820edd5202c7c780dc95668871d2"}
,"/Users/yuliyastasheuskaya/Work/UpSkill/cv-app/src/components/TimeLine/time_line.js": {"path":"/Users/yuliyastasheuskaya/Work/UpSkill/cv-app/src/components/TimeLine/time_line.js","statementMap":{"0":{"start":{"line":9,"column":21},"end":{"line":9,"column":70}},"1":{"start":{"line":9,"column":42},"end":{"line":9,"column":69}},"2":{"start":{"line":10,"column":17},"end":{"line":10,"column":62}},"3":{"start":{"line":10,"column":38},"end":{"line":10,"column":61}},"4":{"start":{"line":12,"column":18},"end":{"line":27,"column":3}},"5":{"start":{"line":13,"column":4},"end":{"line":26,"column":5}},"6":{"start":{"line":15,"column":22},"end":{"line":15,"column":95}},"7":{"start":{"line":16,"column":21},"end":{"line":22,"column":34}},"8":{"start":{"line":17,"column":30},"end":{"line":22,"column":32}},"9":{"start":{"line":23,"column":20},"end":{"line":23,"column":121}},"10":{"start":{"line":25,"column":15},"end":{"line":25,"column":25}},"11":{"start":{"line":29,"column":4},"end":{"line":33,"column":5}}},"fnMap":{"0":{"name":"TimeLine","decl":{"start":{"line":8,"column":24},"end":{"line":8,"column":32}},"loc":{"start":{"line":8,"column":35},"end":{"line":34,"column":1}},"line":8},"1":{"name":"(anonymous_1)","decl":{"start":{"line":9,"column":33},"end":{"line":9,"column":34}},"loc":{"start":{"line":9,"column":42},"end":{"line":9,"column":69}},"line":9},"2":{"name":"(anonymous_2)","decl":{"start":{"line":10,"column":29},"end":{"line":10,"column":30}},"loc":{"start":{"line":10,"column":38},"end":{"line":10,"column":61}},"line":10},"3":{"name":"(anonymous_3)","decl":{"start":{"line":12,"column":18},"end":{"line":12,"column":19}},"loc":{"start":{"line":12,"column":24},"end":{"line":27,"column":3}},"line":12},"4":{"name":"(anonymous_4)","decl":{"start":{"line":16,"column":43},"end":{"line":16,"column":44}},"loc":{"start":{"line":17,"column":30},"end":{"line":22,"column":32}},"line":17}},"branchMap":{"0":{"loc":{"start":{"line":13,"column":4},"end":{"line":26,"column":5}},"type":"switch","locations":[{"start":{"line":15,"column":6},"end":{"line":15,"column":95}},{"start":{"line":16,"column":6},"end":{"line":22,"column":34}},{"start":{"line":23,"column":6},"end":{"line":23,"column":121}},{"start":{"line":25,"column":6},"end":{"line":25,"column":25}}],"line":13},"1":{"loc":{"start":{"line":30,"column":37},"end":{"line":30,"column":73}},"type":"cond-expr","locations":[{"start":{"line":30,"column":59},"end":{"line":30,"column":68}},{"start":{"line":30,"column":71},"end":{"line":30,"column":73}}],"line":30}},"s":{"0":7,"1":10,"2":6,"3":10,"4":6,"5":6,"6":1,"7":2,"8":0,"9":3,"10":0,"11":6},"f":{"0":7,"1":10,"2":10,"3":6,"4":0},"b":{"0":[1,2,3,0],"1":[4,2]},"_coverageSchema":"1a1c01bbd47fc00a2c39e90264f33305004495a9","hash":"831fe0d4ad169b1258f8e2652cd43fcdd3d0f188"}
,"/Users/yuliyastasheuskaya/Work/UpSkill/cv-app/src/components/TimeLine/time_line_item.js": {"path":"/Users/yuliyastasheuskaya/Work/UpSkill/cv-app/src/components/TimeLine/time_line_item.js","statementMap":{"0":{"start":{"line":2,"column":4},"end":{"line":25,"column":5}}},"fnMap":{"0":{"name":"TimeLineItem","decl":{"start":{"line":1,"column":24},"end":{"line":1,"column":36}},"loc":{"start":{"line":1,"column":45},"end":{"line":26,"column":1}},"line":1}},"branchMap":{},"s":{"0":0},"f":{"0":0},"b":{},"_coverageSchema":"1a1c01bbd47fc00a2c39e90264f33305004495a9","hash":"82cddd85cb40ede174bf6ed8f1217b74e13576c0"}
,"/Users/yuliyastasheuskaya/Work/UpSkill/cv-app/src/mock_data/mock_data.js": {"path":"/Users/yuliyastasheuskaya/Work/UpSkill/cv-app/src/mock_data/mock_data.js","statementMap":{"0":{"start":{"line":1,"column":30},"end":{"line":42,"column":1}},"1":{"start":{"line":44,"column":28},"end":{"line":57,"column":1}},"2":{"start":{"line":59,"column":28},"end":{"line":80,"column":1}},"3":{"start":{"line":82,"column":29},"end":{"line":103,"column":1}},"4":{"start":{"line":105,"column":26},"end":{"line":114,"column":1}}},"fnMap":{},"branchMap":{},"s":{"0":3,"1":3,"2":3,"3":3,"4":3},"f":{},"b":{},"_coverageSchema":"1a1c01bbd47fc00a2c39e90264f33305004495a9","hash":"02a17f58c1518fa6ee77a116ee38f5e508f1d3e3"}
,"/Users/yuliyastasheuskaya/Work/UpSkill/cv-app/src/pages/Home/home.js": {"path":"/Users/yuliyastasheuskaya/Work/UpSkill/cv-app/src/pages/Home/home.js","statementMap":{"0":{"start":{"line":8,"column":19},"end":{"line":8,"column":32}},"1":{"start":{"line":9,"column":24},"end":{"line":11,"column":5}},"2":{"start":{"line":9,"column":34},"end":{"line":11,"column":5}},"3":{"start":{"line":10,"column":8},"end":{"line":10,"column":23}},"4":{"start":{"line":13,"column":4},"end":{"line":31,"column":5}}},"fnMap":{"0":{"name":"Home","decl":{"start":{"line":7,"column":24},"end":{"line":7,"column":28}},"loc":{"start":{"line":7,"column":31},"end":{"line":32,"column":1}},"line":7},"1":{"name":"(anonymous_1)","decl":{"start":{"line":9,"column":24},"end":{"line":9,"column":25}},"loc":{"start":{"line":9,"column":34},"end":{"line":11,"column":5}},"line":9},"2":{"name":"(anonymous_2)","decl":{"start":{"line":9,"column":34},"end":{"line":9,"column":35}},"loc":{"start":{"line":9,"column":40},"end":{"line":11,"column":5}},"line":9}},"branchMap":{},"s":{"0":1,"1":1,"2":1,"3":0,"4":1},"f":{"0":1,"1":1,"2":0},"b":{},"_coverageSchema":"1a1c01bbd47fc00a2c39e90264f33305004495a9","hash":"ed2bd04977445140339f6cba13ba3603eda98393"}
,"/Users/yuliyastasheuskaya/Work/UpSkill/cv-app/src/pages/Inner/inner.js": {"path":"/Users/yuliyastasheuskaya/Work/UpSkill/cv-app/src/pages/Inner/inner.js","statementMap":{"0":{"start":{"line":16,"column":4},"end":{"line":62,"column":5}},"1":{"start":{"line":58,"column":43},"end":{"line":58,"column":88}}},"fnMap":{"0":{"name":"Inner","decl":{"start":{"line":15,"column":24},"end":{"line":15,"column":29}},"loc":{"start":{"line":15,"column":37},"end":{"line":63,"column":1}},"line":15},"1":{"name":"(anonymous_1)","decl":{"start":{"line":58,"column":37},"end":{"line":58,"column":38}},"loc":{"start":{"line":58,"column":43},"end":{"line":58,"column":88}},"line":58}},"branchMap":{},"s":{"0":0,"1":0},"f":{"0":0,"1":0},"b":{}}
,"/Users/yuliyastasheuskaya/Work/UpSkill/cv-app/src/services/api_client.js": {"path":"/Users/yuliyastasheuskaya/Work/UpSkill/cv-app/src/services/api_client.js","statementMap":{"0":{"start":{"line":1,"column":12},"end":{"line":1,"column":39}},"1":{"start":{"line":4,"column":2},"end":{"line":4,"column":36}}},"fnMap":{"0":{"name":"getEducations","decl":{"start":{"line":3,"column":16},"end":{"line":3,"column":29}},"loc":{"start":{"line":3,"column":32},"end":{"line":17,"column":1}},"line":3}},"branchMap":{},"s":{"0":2,"1":0},"f":{"0":0},"b":{},"_coverageSchema":"1a1c01bbd47fc00a2c39e90264f33305004495a9","hash":"996e7b7ad4a72c92bc9f08bb8ec4f7c5fe0ab70f"}
,"/Users/yuliyastasheuskaya/Work/UpSkill/cv-app/src/services/server.js": {"path":"/Users/yuliyastasheuskaya/Work/UpSkill/cv-app/src/services/server.js","statementMap":{"0":{"start":{"line":5,"column":4},"end":{"line":15,"column":6}},"1":{"start":{"line":7,"column":12},"end":{"line":7,"column":30}},"2":{"start":{"line":8,"column":12},"end":{"line":8,"column":59}},"3":{"start":{"line":8,"column":46},"end":{"line":8,"column":58}},"4":{"start":{"line":9,"column":12},"end":{"line":9,"column":53}},"5":{"start":{"line":9,"column":42},"end":{"line":9,"column":52}},"6":{"start":{"line":10,"column":12},"end":{"line":13,"column":16}},"7":{"start":{"line":11,"column":28},"end":{"line":11,"column":59}},"8":{"start":{"line":12,"column":16},"end":{"line":12,"column":34}}},"fnMap":{"0":{"name":"server","decl":{"start":{"line":4,"column":24},"end":{"line":4,"column":30}},"loc":{"start":{"line":4,"column":33},"end":{"line":16,"column":1}},"line":4},"1":{"name":"(anonymous_1)","decl":{"start":{"line":6,"column":8},"end":{"line":6,"column":9}},"loc":{"start":{"line":6,"column":17},"end":{"line":14,"column":9}},"line":6},"2":{"name":"(anonymous_2)","decl":{"start":{"line":8,"column":40},"end":{"line":8,"column":41}},"loc":{"start":{"line":8,"column":46},"end":{"line":8,"column":58}},"line":8},"3":{"name":"(anonymous_3)","decl":{"start":{"line":9,"column":36},"end":{"line":9,"column":37}},"loc":{"start":{"line":9,"column":42},"end":{"line":9,"column":52}},"line":9},"4":{"name":"(anonymous_4)","decl":{"start":{"line":10,"column":37},"end":{"line":10,"column":38}},"loc":{"start":{"line":10,"column":59},"end":{"line":13,"column":15}},"line":10}},"branchMap":{},"s":{"0":0,"1":0,"2":0,"3":0,"4":0,"5":0,"6":0,"7":0,"8":0},"f":{"0":0,"1":0,"2":0,"3":0,"4":0},"b":{}}
,"/Users/yuliyastasheuskaya/Work/UpSkill/cv-app/src/store/store.js": {"path":"/Users/yuliyastasheuskaya/Work/UpSkill/cv-app/src/store/store.js","statementMap":{"0":{"start":{"line":4,"column":21},"end":{"line":4,"column":61}}},"fnMap":{},"branchMap":{},"s":{"0":8},"f":{},"b":{},"_coverageSchema":"1a1c01bbd47fc00a2c39e90264f33305004495a9","hash":"49690befabe50480ed67ff4e6fd9c444966952f3"}
,"/Users/yuliyastasheuskaya/Work/UpSkill/cv-app/src/store/actions/educations_actions.js": {"path":"/Users/yuliyastasheuskaya/Work/UpSkill/cv-app/src/store/actions/educations_actions.js","statementMap":{"0":{"start":{"line":4,"column":29},"end":{"line":4,"column":57}},"1":{"start":{"line":5,"column":26},"end":{"line":5,"column":51}},"2":{"start":{"line":6,"column":25},"end":{"line":6,"column":49}},"3":{"start":{"line":7,"column":24},"end":{"line":7,"column":47}}},"fnMap":{},"branchMap":{},"s":{"0":3,"1":3,"2":3,"3":3},"f":{},"b":{},"_coverageSchema":"1a1c01bbd47fc00a2c39e90264f33305004495a9","hash":"db051d51b6abd07344a26a279169e1072ba92adf"}
,"/Users/yuliyastasheuskaya/Work/UpSkill/cv-app/src/store/actions/skills_actions.js": {"path":"/Users/yuliyastasheuskaya/Work/UpSkill/cv-app/src/store/actions/skills_actions.js","statementMap":{"0":{"start":{"line":4,"column":24},"end":{"line":4,"column":47}},"1":{"start":{"line":5,"column":25},"end":{"line":5,"column":49}},"2":{"start":{"line":6,"column":26},"end":{"line":6,"column":51}}},"fnMap":{},"branchMap":{},"s":{"0":2,"1":2,"2":2},"f":{},"b":{},"_coverageSchema":"1a1c01bbd47fc00a2c39e90264f33305004495a9","hash":"48315b5937adbcca4881a260d09ff1bf67c35299"}
,"/Users/yuliyastasheuskaya/Work/UpSkill/cv-app/src/store/constants/educations_constants.js": {"path":"/Users/yuliyastasheuskaya/Work/UpSkill/cv-app/src/store/constants/educations_constants.js","statementMap":{"0":{"start":{"line":1,"column":30},"end":{"line":1,"column":46}},"1":{"start":{"line":2,"column":27},"end":{"line":2,"column":40}},"2":{"start":{"line":3,"column":26},"end":{"line":3,"column":38}},"3":{"start":{"line":4,"column":25},"end":{"line":4,"column":36}}},"fnMap":{},"branchMap":{},"s":{"0":8,"1":8,"2":8,"3":8},"f":{},"b":{},"_coverageSchema":"1a1c01bbd47fc00a2c39e90264f33305004495a9","hash":"00ba88eb786ea27cc65cbd80266e1d462601fb3b"}
,"/Users/yuliyastasheuskaya/Work/UpSkill/cv-app/src/store/constants/skills_constants.js": {"path":"/Users/yuliyastasheuskaya/Work/UpSkill/cv-app/src/store/constants/skills_constants.js","statementMap":{"0":{"start":{"line":1,"column":25},"end":{"line":1,"column":36}},"1":{"start":{"line":2,"column":26},"end":{"line":2,"column":38}},"2":{"start":{"line":3,"column":27},"end":{"line":3,"column":40}}},"fnMap":{},"branchMap":{},"s":{"0":8,"1":8,"2":8},"f":{},"b":{},"_coverageSchema":"1a1c01bbd47fc00a2c39e90264f33305004495a9","hash":"d7189e2746add50adc1aed6bf82c50e136f68025"}
,"/Users/yuliyastasheuskaya/Work/UpSkill/cv-app/src/store/reducers/educations_reducer.js": {"path":"/Users/yuliyastasheuskaya/Work/UpSkill/cv-app/src/store/reducers/educations_reducer.js","statementMap":{"0":{"start":{"line":4,"column":21},"end":{"line":7,"column":1}},"1":{"start":{"line":9,"column":33},"end":{"line":23,"column":4}},"2":{"start":{"line":10,"column":4},"end":{"line":22,"column":10}},"3":{"start":{"line":12,"column":12},"end":{"line":12,"column":45}},"4":{"start":{"line":15,"column":12},"end":{"line":15,"column":36}},"5":{"start":{"line":18,"column":12},"end":{"line":18,"column":35}},"6":{"start":{"line":21,"column":12},"end":{"line":21,"column":34}}},"fnMap":{"0":{"name":"(anonymous_0)","decl":{"start":{"line":9,"column":61},"end":{"line":9,"column":62}},"loc":{"start":{"line":9,"column":74},"end":{"line":23,"column":3}},"line":9},"1":{"name":"(anonymous_1)","decl":{"start":{"line":11,"column":33},"end":{"line":11,"column":34}},"loc":{"start":{"line":11,"column":52},"end":{"line":13,"column":9}},"line":11},"2":{"name":"(anonymous_2)","decl":{"start":{"line":14,"column":30},"end":{"line":14,"column":31}},"loc":{"start":{"line":14,"column":50},"end":{"line":16,"column":9}},"line":14},"3":{"name":"(anonymous_3)","decl":{"start":{"line":17,"column":29},"end":{"line":17,"column":30}},"loc":{"start":{"line":17,"column":49},"end":{"line":19,"column":9}},"line":17},"4":{"name":"(anonymous_4)","decl":{"start":{"line":20,"column":28},"end":{"line":20,"column":29}},"loc":{"start":{"line":20,"column":48},"end":{"line":22,"column":9}},"line":20}},"branchMap":{},"s":{"0":8,"1":8,"2":8,"3":0,"4":1,"5":1,"6":1},"f":{"0":8,"1":0,"2":1,"3":1,"4":1},"b":{},"_coverageSchema":"1a1c01bbd47fc00a2c39e90264f33305004495a9","hash":"8082df99c518f44962e779eb7ee1efcd4ea36cc3"}
,"/Users/yuliyastasheuskaya/Work/UpSkill/cv-app/src/store/reducers/index.js": {"path":"/Users/yuliyastasheuskaya/Work/UpSkill/cv-app/src/store/reducers/index.js","statementMap":{"0":{"start":{"line":5,"column":20},"end":{"line":8,"column":2}}},"fnMap":{},"branchMap":{},"s":{"0":8},"f":{},"b":{},"_coverageSchema":"1a1c01bbd47fc00a2c39e90264f33305004495a9","hash":"c919a9fff63b956f7ffb9d766ea1719548870cac"}
,"/Users/yuliyastasheuskaya/Work/UpSkill/cv-app/src/store/reducers/skills_reducer.js": {"path":"/Users/yuliyastasheuskaya/Work/UpSkill/cv-app/src/store/reducers/skills_reducer.js","statementMap":{"0":{"start":{"line":4,"column":21},"end":{"line":7,"column":1}},"1":{"start":{"line":9,"column":29},"end":{"line":20,"column":4}},"2":{"start":{"line":10,"column":4},"end":{"line":19,"column":10}},"3":{"start":{"line":12,"column":12},"end":{"line":12,"column":44}},"4":{"start":{"line":15,"column":12},"end":{"line":15,"column":40}},"5":{"start":{"line":18,"column":12},"end":{"line":18,"column":40}}},"fnMap":{"0":{"name":"(anonymous_0)","decl":{"start":{"line":9,"column":57},"end":{"line":9,"column":58}},"loc":{"start":{"line":9,"column":70},"end":{"line":20,"column":3}},"line":9},"1":{"name":"(anonymous_1)","decl":{"start":{"line":11,"column":28},"end":{"line":11,"column":29}},"loc":{"start":{"line":11,"column":47},"end":{"line":13,"column":9}},"line":11},"2":{"name":"(anonymous_2)","decl":{"start":{"line":14,"column":29},"end":{"line":14,"column":30}},"loc":{"start":{"line":14,"column":48},"end":{"line":16,"column":9}},"line":14},"3":{"name":"(anonymous_3)","decl":{"start":{"line":17,"column":30},"end":{"line":17,"column":31}},"loc":{"start":{"line":17,"column":49},"end":{"line":19,"column":9}},"line":17}},"branchMap":{},"s":{"0":8,"1":8,"2":8,"3":0,"4":0,"5":0},"f":{"0":8,"1":0,"2":0,"3":0},"b":{},"_coverageSchema":"1a1c01bbd47fc00a2c39e90264f33305004495a9","hash":"697cb52c62bddb2e409095ed608ae6ed1c38e0c9"}
,"/Users/yuliyastasheuskaya/Work/UpSkill/cv-app/src/store/thunks/thunks.js": {"path":"/Users/yuliyastasheuskaya/Work/UpSkill/cv-app/src/store/thunks/thunks.js","statementMap":{"0":{"start":{"line":5,"column":30},"end":{"line":15,"column":1}},"1":{"start":{"line":5,"column":36},"end":{"line":15,"column":1}},"2":{"start":{"line":6,"column":4},"end":{"line":14,"column":5}},"3":{"start":{"line":7,"column":8},"end":{"line":7,"column":31}},"4":{"start":{"line":8,"column":25},"end":{"line":8,"column":46}},"5":{"start":{"line":9,"column":27},"end":{"line":9,"column":48}},"6":{"start":{"line":10,"column":8},"end":{"line":10,"column":44}},"7":{"start":{"line":11,"column":8},"end":{"line":11,"column":30}},"8":{"start":{"line":13,"column":8},"end":{"line":13,"column":29}},"9":{"start":{"line":17,"column":26},"end":{"line":24,"column":1}},"10":{"start":{"line":17,"column":32},"end":{"line":24,"column":1}},"11":{"start":{"line":18,"column":2},"end":{"line":23,"column":3}},"12":{"start":{"line":19,"column":19},"end":{"line":19,"column":50}},"13":{"start":{"line":20,"column":4},"end":{"line":20,"column":32}},"14":{"start":{"line":22,"column":4},"end":{"line":22,"column":28}},"15":{"start":{"line":26,"column":25},"end":{"line":30,"column":1}},"16":{"start":{"line":26,"column":36},"end":{"line":30,"column":1}},"17":{"start":{"line":27,"column":2},"end":{"line":27,"column":27}},"18":{"start":{"line":28,"column":17},"end":{"line":28,"column":40}},"19":{"start":{"line":29,"column":2},"end":{"line":29,"column":47}}},"fnMap":{"0":{"name":"(anonymous_0)","decl":{"start":{"line":5,"column":30},"end":{"line":5,"column":31}},"loc":{"start":{"line":5,"column":36},"end":{"line":15,"column":1}},"line":5},"1":{"name":"(anonymous_1)","decl":{"start":{"line":5,"column":36},"end":{"line":5,"column":37}},"loc":{"start":{"line":5,"column":67},"end":{"line":15,"column":1}},"line":5},"2":{"name":"(anonymous_2)","decl":{"start":{"line":17,"column":26},"end":{"line":17,"column":27}},"loc":{"start":{"line":17,"column":32},"end":{"line":24,"column":1}},"line":17},"3":{"name":"(anonymous_3)","decl":{"start":{"line":17,"column":32},"end":{"line":17,"column":33}},"loc":{"start":{"line":17,"column":63},"end":{"line":24,"column":1}},"line":17},"4":{"name":"(anonymous_4)","decl":{"start":{"line":26,"column":25},"end":{"line":26,"column":26}},"loc":{"start":{"line":26,"column":36},"end":{"line":30,"column":1}},"line":26},"5":{"name":"(anonymous_5)","decl":{"start":{"line":26,"column":36},"end":{"line":26,"column":37}},"loc":{"start":{"line":26,"column":66},"end":{"line":30,"column":1}},"line":26}},"branchMap":{},"s":{"0":2,"1":0,"2":0,"3":0,"4":0,"5":0,"6":0,"7":0,"8":0,"9":2,"10":0,"11":0,"12":0,"13":0,"14":0,"15":2,"16":0,"17":0,"18":0,"19":0},"f":{"0":0,"1":0,"2":0,"3":0,"4":0,"5":0},"b":{},"_coverageSchema":"1a1c01bbd47fc00a2c39e90264f33305004495a9","hash":"6e1bed84de0ca3ab32b56e013d92c7ed7e962e42"}
}
