TN:
SF:src/App.js
FN:9,App
FNF:1
FNH:0
FNDA:0,App
DA:10,0
LF:1
LH:0
BRF:0
BRH:0
end_of_record
TN:
SF:src/index.js
FNF:0
FNH:0
DA:13,0
DA:15,0
DA:16,0
DA:17,0
DA:19,0
LF:5
LH:0
BRF:0
BRH:0
end_of_record
TN:
SF:src/components/Box/box.js
FN:3,Box
FNF:1
FNH:0
FNDA:0,Box
DA:4,0
LF:1
LH:0
BRF:0
BRH:0
end_of_record
TN:
SF:src/components/Button/button.js
FN:3,Button
FNF:1
FNH:1
FNDA:6,Button
DA:4,6
LF:1
LH:1
BRF:0
BRH:0
end_of_record
TN:
SF:src/components/Contacts/contacts.js
FN:12,Contacts
FN:26,(anonymous_1)
FNF:2
FNH:1
FNDA:1,Contacts
FNDA:0,(anonymous_1)
DA:13,1
DA:26,0
LF:2
LH:1
BRF:0
BRH:0
end_of_record
TN:
SF:src/components/Expertise/expertise.js
FN:4,Expertise
FN:7,(anonymous_1)
FNF:2
FNH:2
FNDA:1,Expertise
FNDA:5,(anonymous_1)
DA:5,1
DA:8,5
LF:2
LH:2
BRF:0
BRH:0
end_of_record
TN:
SF:src/components/Expertise/expertise_item.js
FN:1,ExpertiseItem
FNF:1
FNH:1
FNDA:5,ExpertiseItem
DA:2,5
LF:1
LH:1
BRF:0
BRH:0
end_of_record
TN:
SF:src/components/Feedback/feedback.js
FN:4,Feedback
FN:7,(anonymous_1)
FNF:2
FNH:2
FNDA:1,Feedback
FNDA:2,(anonymous_1)
DA:5,1
DA:8,2
LF:2
LH:2
BRF:0
BRH:0
end_of_record
TN:
SF:src/components/Feedback/feedback_item.js
FN:3,FeedbackItem
FNF:1
FNH:1
FNDA:2,FeedbackItem
DA:4,2
LF:1
LH:1
BRF:0
BRH:0
end_of_record
TN:
SF:src/components/Info/info.js
FN:1,Info
FNF:1
FNH:1
FNDA:2,Info
DA:2,2
LF:1
LH:1
BRF:0
BRH:0
end_of_record
TN:
SF:src/components/Navigation/navigation.js
FN:16,Navigation
FNF:1
FNH:0
FNDA:0,Navigation
DA:22,0
LF:1
LH:0
BRF:0
BRH:0
end_of_record
TN:
SF:src/components/Panel/panel.js
FN:12,Panel
FN:18,(anonymous_1)
FN:23,(anonymous_2)
FN:23,(anonymous_3)
FN:27,(anonymous_4)
FN:31,(anonymous_5)
FNF:6
FNH:0
FNDA:0,Panel
FNDA:0,(anonymous_1)
FNDA:0,(anonymous_2)
FNDA:0,(anonymous_3)
FNDA:0,(anonymous_4)
FNDA:0,(anonymous_5)
DA:13,0
DA:14,0
DA:15,0
DA:17,0
DA:18,0
DA:19,0
DA:22,0
DA:23,0
DA:24,0
DA:27,0
DA:28,0
DA:31,0
DA:32,0
DA:33,0
DA:34,0
DA:35,0
DA:37,0
DA:41,0
LF:18
LH:0
BRDA:32,0,0,0
BRDA:32,0,1,0
BRDA:34,1,0,0
BRDA:34,1,1,0
BRDA:51,2,0,0
BRDA:51,2,1,0
BRDA:53,3,0,0
BRDA:53,3,1,0
BRDA:59,4,0,0
BRDA:59,4,1,0
BRDA:60,5,0,0
BRDA:60,5,1,0
BRF:12
BRH:0
end_of_record
TN:
SF:src/components/PhotoBox/photo_box.js
FN:2,PhotoBox
FNF:1
FNH:1
FNDA:1,PhotoBox
DA:3,1
LF:1
LH:1
BRF:0
BRH:0
end_of_record
TN:
SF:src/components/Portfolio/portfolio.js
FN:9,Portfolio
FN:11,(anonymous_1)
FN:11,(anonymous_2)
FN:15,(anonymous_3)
FN:32,(anonymous_4)
FN:33,(anonymous_5)
FNF:6
FNH:5
FNDA:1,Portfolio
FNDA:3,(anonymous_1)
FNDA:0,(anonymous_2)
FNDA:3,(anonymous_3)
FNDA:4,(anonymous_4)
FNDA:4,(anonymous_5)
DA:5,1
DA:6,1
DA:7,1
DA:10,1
DA:11,3
DA:12,0
DA:15,1
DA:16,3
DA:17,1
DA:19,2
DA:23,1
DA:32,4
DA:34,4
LF:13
LH:12
BRDA:16,0,0,1
BRDA:16,0,1,2
BRDA:32,1,0,4
BRDA:32,1,1,0
BRF:4
BRH:3
end_of_record
TN:
SF:src/components/Portfolio/portfolio_item.js
FN:4,PortfolioItem
FNF:1
FNH:1
FNDA:4,PortfolioItem
DA:5,4
LF:1
LH:1
BRDA:8,0,0,2
BRDA:8,0,1,2
BRF:2
BRH:2
end_of_record
TN:
SF:src/components/Skills/AddSkillForm/add_skill_form.js
FN:12,AddSkillForm
FN:27,(anonymous_1)
FN:33,(anonymous_2)
FNF:3
FNH:2
FNDA:1,AddSkillForm
FNDA:0,(anonymous_1)
FNDA:1,(anonymous_2)
DA:7,2
DA:13,1
DA:15,1
DA:28,0
DA:29,0
DA:30,0
DA:34,1
LF:7
LH:4
BRDA:37,0,0,0
BRDA:37,0,1,1
BRDA:42,1,0,0
BRDA:42,1,1,1
BRF:4
BRH:2
end_of_record
TN:
SF:src/components/Skills/Skills/skill_bar.js
FN:1,SkillBar
FNF:1
FNH:0
FNDA:0,SkillBar
DA:2,0
LF:1
LH:0
BRF:0
BRH:0
end_of_record
TN:
SF:src/components/Skills/Skills/skills.js
FN:9,Skills
FN:10,(anonymous_1)
FN:11,(anonymous_2)
FN:20,(anonymous_3)
FN:24,(anonymous_4)
FNF:5
FNH:3
FNDA:1,Skills
FNDA:1,(anonymous_1)
FNDA:1,(anonymous_2)
FNDA:0,(anonymous_3)
FNDA:0,(anonymous_4)
DA:10,1
DA:11,1
DA:12,1
DA:14,1
DA:20,0
DA:25,0
LF:6
LH:4
BRDA:23,0,0,1
BRDA:23,0,1,0
BRF:2
BRH:1
end_of_record
TN:
SF:src/components/TimeLine/time_line.js
FN:8,TimeLine
FN:9,(anonymous_1)
FN:10,(anonymous_2)
FN:12,(anonymous_3)
FN:16,(anonymous_4)
FNF:5
FNH:4
FNDA:7,TimeLine
FNDA:10,(anonymous_1)
FNDA:10,(anonymous_2)
FNDA:6,(anonymous_3)
FNDA:0,(anonymous_4)
DA:9,10
DA:10,10
DA:12,6
DA:13,6
DA:15,1
DA:16,2
DA:17,0
DA:23,3
DA:25,0
DA:29,6
LF:10
LH:8
BRDA:13,0,0,1
BRDA:13,0,1,2
BRDA:13,0,2,3
BRDA:13,0,3,0
BRDA:30,1,0,4
BRDA:30,1,1,2
BRF:6
BRH:5
end_of_record
TN:
SF:src/components/TimeLine/time_line_item.js
FN:1,TimeLineItem
FNF:1
FNH:0
FNDA:0,TimeLineItem
DA:2,0
LF:1
LH:0
BRF:0
BRH:0
end_of_record
TN:
SF:src/mock_data/mock_data.js
FNF:0
FNH:0
DA:1,3
DA:44,3
DA:59,3
DA:82,3
DA:105,3
LF:5
LH:5
BRF:0
BRH:0
end_of_record
TN:
SF:src/pages/Home/home.js
FN:7,Home
FN:9,(anonymous_1)
FN:9,(anonymous_2)
FNF:3
FNH:2
FNDA:1,Home
FNDA:1,(anonymous_1)
FNDA:0,(anonymous_2)
DA:8,1
DA:9,1
DA:10,0
DA:13,1
LF:4
LH:3
BRF:0
BRH:0
end_of_record
TN:
SF:src/pages/Inner/inner.js
FN:15,Inner
FN:58,(anonymous_1)
FNF:2
FNH:0
FNDA:0,Inner
FNDA:0,(anonymous_1)
DA:16,0
DA:58,0
LF:2
LH:0
BRF:0
BRH:0
end_of_record
TN:
SF:src/services/api_client.js
FN:3,getEducations
FNF:1
FNH:0
FNDA:0,getEducations
DA:1,2
DA:4,0
LF:2
LH:1
BRF:0
BRH:0
end_of_record
TN:
SF:src/services/server.js
FN:4,server
FN:6,(anonymous_1)
FN:8,(anonymous_2)
FN:9,(anonymous_3)
FN:10,(anonymous_4)
FNF:5
FNH:0
FNDA:0,server
FNDA:0,(anonymous_1)
FNDA:0,(anonymous_2)
FNDA:0,(anonymous_3)
FNDA:0,(anonymous_4)
DA:5,0
DA:7,0
DA:8,0
DA:9,0
DA:10,0
DA:11,0
DA:12,0
LF:7
LH:0
BRF:0
BRH:0
end_of_record
TN:
SF:src/store/store.js
FNF:0
FNH:0
DA:4,8
LF:1
LH:1
BRF:0
BRH:0
end_of_record
TN:
SF:src/store/actions/educations_actions.js
FNF:0
FNH:0
DA:4,3
DA:5,3
DA:6,3
DA:7,3
LF:4
LH:4
BRF:0
BRH:0
end_of_record
TN:
SF:src/store/actions/skills_actions.js
FNF:0
FNH:0
DA:4,2
DA:5,2
DA:6,2
LF:3
LH:3
BRF:0
BRH:0
end_of_record
TN:
SF:src/store/constants/educations_constants.js
FNF:0
FNH:0
DA:1,8
DA:2,8
DA:3,8
DA:4,8
LF:4
LH:4
BRF:0
BRH:0
end_of_record
TN:
SF:src/store/constants/skills_constants.js
FNF:0
FNH:0
DA:1,8
DA:2,8
DA:3,8
LF:3
LH:3
BRF:0
BRH:0
end_of_record
TN:
SF:src/store/reducers/educations_reducer.js
FN:9,(anonymous_0)
FN:11,(anonymous_1)
FN:14,(anonymous_2)
FN:17,(anonymous_3)
FN:20,(anonymous_4)
FNF:5
FNH:4
FNDA:8,(anonymous_0)
FNDA:0,(anonymous_1)
FNDA:1,(anonymous_2)
FNDA:1,(anonymous_3)
FNDA:1,(anonymous_4)
DA:4,8
DA:9,8
DA:10,8
DA:12,0
DA:15,1
DA:18,1
DA:21,1
LF:7
LH:6
BRF:0
BRH:0
end_of_record
TN:
SF:src/store/reducers/index.js
FNF:0
FNH:0
DA:5,8
LF:1
LH:1
BRF:0
BRH:0
end_of_record
TN:
SF:src/store/reducers/skills_reducer.js
FN:9,(anonymous_0)
FN:11,(anonymous_1)
FN:14,(anonymous_2)
FN:17,(anonymous_3)
FNF:4
FNH:1
FNDA:8,(anonymous_0)
FNDA:0,(anonymous_1)
FNDA:0,(anonymous_2)
FNDA:0,(anonymous_3)
DA:4,8
DA:9,8
DA:10,8
DA:12,0
DA:15,0
DA:18,0
LF:6
LH:3
BRF:0
BRH:0
end_of_record
TN:
SF:src/store/thunks/thunks.js
FN:5,(anonymous_0)
FN:5,(anonymous_1)
FN:17,(anonymous_2)
FN:17,(anonymous_3)
FN:26,(anonymous_4)
FN:26,(anonymous_5)
FNF:6
FNH:0
FNDA:0,(anonymous_0)
FNDA:0,(anonymous_1)
FNDA:0,(anonymous_2)
FNDA:0,(anonymous_3)
FNDA:0,(anonymous_4)
FNDA:0,(anonymous_5)
DA:5,2
DA:6,0
DA:7,0
DA:8,0
DA:9,0
DA:10,0
DA:11,0
DA:13,0
DA:17,2
DA:18,0
DA:19,0
DA:20,0
DA:22,0
DA:26,2
DA:27,0
DA:28,0
DA:29,0
LF:17
LH:3
BRF:0
BRH:0
end_of_record
